Removed Pin From Net: NetName=GND Pin=C?-1
Removed Pin From Net: NetName=NetC?_1 Pin=C?-1
Removed Pin From Net: NetName=+5V_AUD Pin=C?-2
Removed Pin From Net: NetName=AUD_RC Pin=C?-2
Removed Pin From Net: NetName=GND Pin=C?-2
Removed Pin From Net: NetName=NetC?_2 Pin=C?-2
Removed Pin From Net: NetName=NetC?_2 Pin=CB?-2
Removed Pin From Net: NetName=+5V_PI Pin=P?-1
Removed Pin From Net: NetName=S\S\ Pin=P?-2
Removed Pin From Net: NetName=SCK Pin=P?-3
Removed Pin From Net: NetName=MOSI Pin=P?-4
Removed Pin From Net: NetName=MISO Pin=P?-5
Removed Pin From Net: NetName=AUD_PWM Pin=P?-7
Removed Pin From Net: NetName=GND Pin=P?-8
Removed Pin From Net: NetName=RST Pin=Q?-3
Removed Pin From Net: NetName=+5V_AUD Pin=R?-1
Removed Pin From Net: NetName=GND Pin=R?-1
Removed Pin From Net: NetName=GND Pin=R?-1
Removed Pin From Net: NetName=MODE Pin=R?-1
Removed Pin From Net: NetName=NetR?_1 Pin=R?-1
Removed Pin From Net: NetName=U/D Pin=R?-1
Removed Pin From Net: NetName=+5V_AUD Pin=R?-2
Removed Pin From Net: NetName=+5V_PI Pin=R?-2
Removed Pin From Net: NetName=+5V_PI Pin=R?-2
Removed Pin From Net: NetName=AUD_INT Pin=R?-2
Removed Pin From Net: NetName=AUD_RC Pin=R?-2
Removed Pin From Net: NetName=MODE Pin=R?-2
Removed Pin From Net: NetName=NetR?_1 Pin=R?-2
Removed Pin From Net: NetName=U/D Pin=R?-2
Removed Pin From Net: NetName=U/D Pin=U?-1
Removed Pin From Net: NetName=MODE Pin=U?-2
Removed Pin From Net: NetName=PWM Pin=U?-3
Removed Pin From Net: NetName=GND Pin=U?-4
Removed Pin From Net: NetName=NetLS?_2 Pin=U?-5
Removed Pin From Net: NetName=NetQ?_1 Pin=U?-6
Removed Pin From Net: NetName=NetR?_1 Pin=U?-6
Removed Pin From Net: NetName=AUD_INT Pin=U?-7
Removed Pin From Net: NetName=GND Pin=U?-7
Removed Pin From Net: NetName=+5V_AUD Pin=U?-8
Removed Pin From Net: NetName=NetLS?_1 Pin=U?-8
Removed Member From Class: ClassName=pi Member=CB?
Removed Member From Class: ClassName=pi Member=LS?
Removed Member From Class: ClassName=led Member=Q?
Change Component Footprint: Designator=U? Old Footprint=DBV0005A_N New Footprint=SOIC-8
Change Component Footprint: Designator=U? Old Footprint=M08A_N New Footprint=DBV0005A_N
Change Component Footprint: Designator=U? Old Footprint=SOIC-8 New Footprint=M08A_N
Change Component Comment : Designator=C? Old Comment=Cap New Comment=Cap Pol2
Change Component Comment : Designator=C? Old Comment=Cap New Comment=Cap Pol2
Change Component Comment : Designator=U? Old Comment=LM358M New Comment=74HC1G14
Change Component Comment : Designator=P? Old Comment=PiZero New Comment=RGBooster
Change Component Comment : Designator=U? Old Comment=SN74AHC1G14DBVT New Comment=74HC1G14
Change Component Comment : Designator=U? Old Comment=SN74AHC1G14DBVT New Comment=TDA8551
Change Component Comment : Designator=U? Old Comment=TDA8551 New Comment=LM358M
Change component parameters: Designator = "C?"; Footprint = "6-0805_M"; UniqueID = "\TMYIWBUE"
Change component parameters. Clean all parameters for all variants
Change component parameters (AddParameter): Name = "LatestRevisionDate"; Value = "17-Jul-2002"; VariantName = "[No Variations]"
Change component parameters (AddParameter): Name = "LatestRevisionNote"; Value = "Re-released for DXP Platform."; VariantName = "[No Variations]"
Change component parameters (AddParameter): Name = "PackageDescription"; Value = "Radial Cap, Thru-Hole; 2 Leads; 0.3 in Pin Spacing"; VariantName = "[No Variations]"
Change component parameters (AddParameter): Name = "PackageReference"; Value = "RAD-0.3"; VariantName = "[No Variations]"
Change component parameters (AddParameter): Name = "Published"; Value = "8-Jun-2000"; VariantName = "[No Variations]"
Change component parameters (AddParameter): Name = "Publisher"; Value = "Altium Limited"; VariantName = "[No Variations]"
Change component parameters (AddParameter): Name = "Value"; Value = "220pF"; VariantName = "[No Variations]"
Change component parameters: Designator = "C?"; Footprint = "6-0805_M"; UniqueID = "\CNRVBSMP"
Change component parameters. Clean all parameters for all variants
Change component parameters (AddParameter): Name = "LatestRevisionDate"; Value = "17-Jul-2002"; VariantName = "[No Variations]"
Change component parameters (AddParameter): Name = "LatestRevisionNote"; Value = "Re-released for DXP Platform."; VariantName = "[No Variations]"
Change component parameters (AddParameter): Name = "PackageDescription"; Value = "Radial Cap, Thru-Hole; 2 Leads; 0.3 in Pin Spacing"; VariantName = "[No Variations]"
Change component parameters (AddParameter): Name = "PackageReference"; Value = "RAD-0.3"; VariantName = "[No Variations]"
Change component parameters (AddParameter): Name = "Published"; Value = "8-Jun-2000"; VariantName = "[No Variations]"
Change component parameters (AddParameter): Name = "Publisher"; Value = "Altium Limited"; VariantName = "[No Variations]"
Change component parameters (AddParameter): Name = "Value"; Value = "100nF"; VariantName = "[No Variations]"
Change component parameters: Designator = "C?"; Footprint = "6-0805_M"; UniqueID = "\JBYVITIL"
Change component parameters. Clean all parameters for all variants
Change component parameters (AddParameter): Name = "LatestRevisionDate"; Value = "17-Jul-2002"; VariantName = "[No Variations]"
Change component parameters (AddParameter): Name = "LatestRevisionNote"; Value = "Re-released for DXP Platform."; VariantName = "[No Variations]"
Change component parameters (AddParameter): Name = "PackageDescription"; Value = "Radial Cap, Thru-Hole; 2 Leads; 0.3 in Pin Spacing"; VariantName = "[No Variations]"
Change component parameters (AddParameter): Name = "PackageReference"; Value = "RAD-0.3"; VariantName = "[No Variations]"
Change component parameters (AddParameter): Name = "Published"; Value = "8-Jun-2000"; VariantName = "[No Variations]"
Change component parameters (AddParameter): Name = "Publisher"; Value = "Altium Limited"; VariantName = "[No Variations]"
Change component parameters (AddParameter): Name = "Value"; Value = "330nF"; VariantName = "[No Variations]"
Change component parameters: Designator = "C?"; Footprint = "6-0805_M"; UniqueID = "\FLKUGRVK"
Change component parameters. Clean all parameters for all variants
Change component parameters (AddParameter): Name = "LatestRevisionDate"; Value = "17-Jul-2002"; VariantName = "[No Variations]"
Change component parameters (AddParameter): Name = "LatestRevisionNote"; Value = "Re-released for DXP Platform."; VariantName = "[No Variations]"
Change component parameters (AddParameter): Name = "PackageDescription"; Value = "Radial Cap, Thru-Hole; 2 Leads; 0.3 in Pin Spacing"; VariantName = "[No Variations]"
Change component parameters (AddParameter): Name = "PackageReference"; Value = "RAD-0.3"; VariantName = "[No Variations]"
Change component parameters (AddParameter): Name = "Published"; Value = "8-Jun-2000"; VariantName = "[No Variations]"
Change component parameters (AddParameter): Name = "Publisher"; Value = "Altium Limited"; VariantName = "[No Variations]"
Change component parameters (AddParameter): Name = "Value"; Value = "100nF"; VariantName = "[No Variations]"
Change component parameters: Designator = "R?"; Footprint = "6-0805_M"; UniqueID = "\NRCPUKPH"
Change component parameters. Clean all parameters for all variants
Change component parameters (AddParameter): Name = "LatestRevisionDate"; Value = "17-Jul-2002"; VariantName = "[No Variations]"
Change component parameters (AddParameter): Name = "LatestRevisionNote"; Value = "Re-released for DXP Platform."; VariantName = "[No Variations]"
Change component parameters (AddParameter): Name = "PackageDescription"; Value = "Axial Device, Thru-Hole; 2 Leads; 0.4 in Pin Spacing"; VariantName = "[No Variations]"
Change component parameters (AddParameter): Name = "PackageReference"; Value = "AXIAL-0.4"; VariantName = "[No Variations]"
Change component parameters (AddParameter): Name = "Published"; Value = "8-Jun-2000"; VariantName = "[No Variations]"
Change component parameters (AddParameter): Name = "Publisher"; Value = "Altium Limited"; VariantName = "[No Variations]"
Change component parameters (AddParameter): Name = "Value"; Value = "10K"; VariantName = "[No Variations]"
Change component parameters: Designator = "R?"; Footprint = "6-0805_M"; UniqueID = "\ORDLPVHB"
Change component parameters. Clean all parameters for all variants
Change component parameters (AddParameter): Name = "LatestRevisionDate"; Value = "17-Jul-2002"; VariantName = "[No Variations]"
Change component parameters (AddParameter): Name = "LatestRevisionNote"; Value = "Re-released for DXP Platform."; VariantName = "[No Variations]"
Change component parameters (AddParameter): Name = "PackageDescription"; Value = "Axial Device, Thru-Hole; 2 Leads; 0.4 in Pin Spacing"; VariantName = "[No Variations]"
Change component parameters (AddParameter): Name = "PackageReference"; Value = "AXIAL-0.4"; VariantName = "[No Variations]"
Change component parameters (AddParameter): Name = "Published"; Value = "8-Jun-2000"; VariantName = "[No Variations]"
Change component parameters (AddParameter): Name = "Publisher"; Value = "Altium Limited"; VariantName = "[No Variations]"
Change component parameters (AddParameter): Name = "Value"; Value = "10K"; VariantName = "[No Variations]"
Change component parameters: Designator = "R?"; Footprint = "6-0805_M"; UniqueID = "\XGPAUKFN"
Change component parameters. Clean all parameters for all variants
Change component parameters (AddParameter): Name = "LatestRevisionDate"; Value = "17-Jul-2002"; VariantName = "[No Variations]"
Change component parameters (AddParameter): Name = "LatestRevisionNote"; Value = "Re-released for DXP Platform."; VariantName = "[No Variations]"
Change component parameters (AddParameter): Name = "PackageDescription"; Value = "Axial Device, Thru-Hole; 2 Leads; 0.4 in Pin Spacing"; VariantName = "[No Variations]"
Change component parameters (AddParameter): Name = "PackageReference"; Value = "AXIAL-0.4"; VariantName = "[No Variations]"
Change component parameters (AddParameter): Name = "Published"; Value = "8-Jun-2000"; VariantName = "[No Variations]"
Change component parameters (AddParameter): Name = "Publisher"; Value = "Altium Limited"; VariantName = "[No Variations]"
Change component parameters (AddParameter): Name = "Value"; Value = "10K"; VariantName = "[No Variations]"
Change component parameters: Designator = "R?"; Footprint = "6-0805_M"; UniqueID = "\GSSXVWMG"
Change component parameters. Clean all parameters for all variants
Change component parameters (AddParameter): Name = "LatestRevisionDate"; Value = "17-Jul-2002"; VariantName = "[No Variations]"
Change component parameters (AddParameter): Name = "LatestRevisionNote"; Value = "Re-released for DXP Platform."; VariantName = "[No Variations]"
Change component parameters (AddParameter): Name = "PackageDescription"; Value = "Axial Device, Thru-Hole; 2 Leads; 0.4 in Pin Spacing"; VariantName = "[No Variations]"
Change component parameters (AddParameter): Name = "PackageReference"; Value = "AXIAL-0.4"; VariantName = "[No Variations]"
Change component parameters (AddParameter): Name = "Published"; Value = "8-Jun-2000"; VariantName = "[No Variations]"
Change component parameters (AddParameter): Name = "Publisher"; Value = "Altium Limited"; VariantName = "[No Variations]"
Change component parameters (AddParameter): Name = "Value"; Value = "10K"; VariantName = "[No Variations]"
Change component parameters: Designator = "R?"; Footprint = "6-0805_M"; UniqueID = "\HMRQVBVB"
Change component parameters. Clean all parameters for all variants
Change component parameters (AddParameter): Name = "LatestRevisionDate"; Value = "17-Jul-2002"; VariantName = "[No Variations]"
Change component parameters (AddParameter): Name = "LatestRevisionNote"; Value = "Re-released for DXP Platform."; VariantName = "[No Variations]"
Change component parameters (AddParameter): Name = "PackageDescription"; Value = "Axial Device, Thru-Hole; 2 Leads; 0.4 in Pin Spacing"; VariantName = "[No Variations]"
Change component parameters (AddParameter): Name = "PackageReference"; Value = "AXIAL-0.4"; VariantName = "[No Variations]"
Change component parameters (AddParameter): Name = "Published"; Value = "8-Jun-2000"; VariantName = "[No Variations]"
Change component parameters (AddParameter): Name = "Publisher"; Value = "Altium Limited"; VariantName = "[No Variations]"
Change component parameters (AddParameter): Name = "Value"; Value = "33K"; VariantName = "[No Variations]"
Change component parameters: Designator = "R?"; Footprint = "6-0805_M"; UniqueID = "\VUKHPLNG"
Change component parameters. Clean all parameters for all variants
Change component parameters (AddParameter): Name = "LatestRevisionDate"; Value = "17-Jul-2002"; VariantName = "[No Variations]"
Change component parameters (AddParameter): Name = "LatestRevisionNote"; Value = "Re-released for DXP Platform."; VariantName = "[No Variations]"
Change component parameters (AddParameter): Name = "PackageDescription"; Value = "Axial Device, Thru-Hole; 2 Leads; 0.4 in Pin Spacing"; VariantName = "[No Variations]"
Change component parameters (AddParameter): Name = "PackageReference"; Value = "AXIAL-0.4"; VariantName = "[No Variations]"
Change component parameters (AddParameter): Name = "Published"; Value = "8-Jun-2000"; VariantName = "[No Variations]"
Change component parameters (AddParameter): Name = "Publisher"; Value = "Altium Limited"; VariantName = "[No Variations]"
Change component parameters (AddParameter): Name = "Value"; Value = "4k7"; VariantName = "[No Variations]"
Change component parameters: Designator = "R?"; Footprint = "6-0805_M"; UniqueID = "\EBJUMMIJ"
Change component parameters. Clean all parameters for all variants
Change component parameters (AddParameter): Name = "LatestRevisionDate"; Value = "17-Jul-2002"; VariantName = "[No Variations]"
Change component parameters (AddParameter): Name = "LatestRevisionNote"; Value = "Re-released for DXP Platform."; VariantName = "[No Variations]"
Change component parameters (AddParameter): Name = "PackageDescription"; Value = "Axial Device, Thru-Hole; 2 Leads; 0.4 in Pin Spacing"; VariantName = "[No Variations]"
Change component parameters (AddParameter): Name = "PackageReference"; Value = "AXIAL-0.4"; VariantName = "[No Variations]"
Change component parameters (AddParameter): Name = "Published"; Value = "8-Jun-2000"; VariantName = "[No Variations]"
Change component parameters (AddParameter): Name = "Publisher"; Value = "Altium Limited"; VariantName = "[No Variations]"
Change component parameters (AddParameter): Name = "Value"; Value = "470k"; VariantName = "[No Variations]"
Change component parameters: Designator = "R?"; Footprint = "6-0805_M"; UniqueID = "\DOVLLPNX"
Change component parameters. Clean all parameters for all variants
Change component parameters (AddParameter): Name = "LatestRevisionDate"; Value = "17-Jul-2002"; VariantName = "[No Variations]"
Change component parameters (AddParameter): Name = "LatestRevisionNote"; Value = "Re-released for DXP Platform."; VariantName = "[No Variations]"
Change component parameters (AddParameter): Name = "PackageDescription"; Value = "Axial Device, Thru-Hole; 2 Leads; 0.4 in Pin Spacing"; VariantName = "[No Variations]"
Change component parameters (AddParameter): Name = "PackageReference"; Value = "AXIAL-0.4"; VariantName = "[No Variations]"
Change component parameters (AddParameter): Name = "Published"; Value = "8-Jun-2000"; VariantName = "[No Variations]"
Change component parameters (AddParameter): Name = "Publisher"; Value = "Altium Limited"; VariantName = "[No Variations]"
Change component parameters (AddParameter): Name = "Value"; Value = "470k"; VariantName = "[No Variations]"
Change component parameters: Designator = "R?"; Footprint = "6-0805_M"; UniqueID = "\XWDMOQMO"
Change component parameters. Clean all parameters for all variants
Change component parameters (AddParameter): Name = "LatestRevisionDate"; Value = "17-Jul-2002"; VariantName = "[No Variations]"
Change component parameters (AddParameter): Name = "LatestRevisionNote"; Value = "Re-released for DXP Platform."; VariantName = "[No Variations]"
Change component parameters (AddParameter): Name = "PackageDescription"; Value = "Axial Device, Thru-Hole; 2 Leads; 0.4 in Pin Spacing"; VariantName = "[No Variations]"
Change component parameters (AddParameter): Name = "PackageReference"; Value = "AXIAL-0.4"; VariantName = "[No Variations]"
Change component parameters (AddParameter): Name = "Published"; Value = "8-Jun-2000"; VariantName = "[No Variations]"
Change component parameters (AddParameter): Name = "Publisher"; Value = "Altium Limited"; VariantName = "[No Variations]"
Change component parameters (AddParameter): Name = "Value"; Value = "33k"; VariantName = "[No Variations]"
Change component parameters: Designator = "R?"; Footprint = "6-0805_M"; UniqueID = "\WUBGAXUV"
Change component parameters. Clean all parameters for all variants
Change component parameters (AddParameter): Name = "LatestRevisionDate"; Value = "17-Jul-2002"; VariantName = "[No Variations]"
Change component parameters (AddParameter): Name = "LatestRevisionNote"; Value = "Re-released for DXP Platform."; VariantName = "[No Variations]"
Change component parameters (AddParameter): Name = "PackageDescription"; Value = "Axial Device, Thru-Hole; 2 Leads; 0.4 in Pin Spacing"; VariantName = "[No Variations]"
Change component parameters (AddParameter): Name = "PackageReference"; Value = "AXIAL-0.4"; VariantName = "[No Variations]"
Change component parameters (AddParameter): Name = "Published"; Value = "8-Jun-2000"; VariantName = "[No Variations]"
Change component parameters (AddParameter): Name = "Publisher"; Value = "Altium Limited"; VariantName = "[No Variations]"
Change component parameters (AddParameter): Name = "Value"; Value = "47k"; VariantName = "[No Variations]"
Change component parameters: Designator = "C?"; Footprint = "EEEFK1H220P"; UniqueID = "\FTXWCNAI"
Change component parameters. Clean all parameters for all variants
Change component parameters (AddParameter): Name = "LatestRevisionDate"; Value = "17-Jul-2002"; VariantName = "[No Variations]"
Change component parameters (AddParameter): Name = "LatestRevisionNote"; Value = "Re-released for DXP Platform."; VariantName = "[No Variations]"
Change component parameters (AddParameter): Name = "PackageDescription"; Value = "Polarized Capacitor; 2 Leads"; VariantName = "[No Variations]"
Change component parameters (AddParameter): Name = "PackageReference"; Value = "POLAR0.8"; VariantName = "[No Variations]"
Change component parameters (AddParameter): Name = "Published"; Value = "8-Jun-2000"; VariantName = "[No Variations]"
Change component parameters (AddParameter): Name = "Publisher"; Value = "Altium Limited"; VariantName = "[No Variations]"
Change component parameters (AddParameter): Name = "Value"; Value = "100uF"; VariantName = "[No Variations]"
Change component parameters: Designator = "C?"; Footprint = "EEEFK1H220P"; UniqueID = "\BNLLFTXN"
Change component parameters. Clean all parameters for all variants
Change component parameters (AddParameter): Name = "LatestRevisionDate"; Value = "17-Jul-2002"; VariantName = "[No Variations]"
Change component parameters (AddParameter): Name = "LatestRevisionNote"; Value = "Re-released for DXP Platform."; VariantName = "[No Variations]"
Change component parameters (AddParameter): Name = "PackageDescription"; Value = "Polarized Capacitor; 2 Leads"; VariantName = "[No Variations]"
Change component parameters (AddParameter): Name = "PackageReference"; Value = "POLAR0.8"; VariantName = "[No Variations]"
Change component parameters (AddParameter): Name = "Published"; Value = "8-Jun-2000"; VariantName = "[No Variations]"
Change component parameters (AddParameter): Name = "Publisher"; Value = "Altium Limited"; VariantName = "[No Variations]"
Change component parameters (AddParameter): Name = "Value"; Value = "220uF"; VariantName = "[No Variations]"
Change component parameters: Designator = "U?"; Footprint = "M08A_N"; UniqueID = "\YBNYMYYD"
Change component parameters. Clean all parameters for all variants
Change component parameters (AddParameter): Name = "Code_IPC"; Value = "SOIC127P600-8"; VariantName = "[No Variations]"
Change component parameters (AddParameter): Name = "Code_JEDEC"; Value = "MS-012-AA"; VariantName = "[No Variations]"
Change component parameters (AddParameter): Name = "ComponentLink1Description"; Value = "Manufacturer URL"; VariantName = "[No Variations]"
Change component parameters (AddParameter): Name = "ComponentLink1URL"; Value = "http://www.national.com/"; VariantName = "[No Variations]"
Change component parameters (AddParameter): Name = "ComponentLink2Description"; Value = "LM358 Datasheet"; VariantName = "[No Variations]"
Change component parameters (AddParameter): Name = "ComponentLink2URL"; Value = "http://www.national.com/ds/LM/LM358.pdf"; VariantName = "[No Variations]"
Change component parameters (AddParameter): Name = "ComponentLink3Description"; Value = "LM358 Web Page"; VariantName = "[No Variations]"
Change component parameters (AddParameter): Name = "ComponentLink3URL"; Value = "http://www.national.com/pf/LM/LM358.html"; VariantName = "[No Variations]"
Change component parameters (AddParameter): Name = "ComponentLink4Description"; Value = "M08A Package Page"; VariantName = "[No Variations]"
Change component parameters (AddParameter): Name = "ComponentLink4URL"; Value = "http://www.national.com/packaging/folders/m08a.html"; VariantName = "[No Variations]"
Change component parameters (AddParameter): Name = "CompType"; Value = "Amplifiers"; VariantName = "[No Variations]"
Change component parameters (AddParameter): Name = "DatasheetVersion"; Value = "Oct-2005"; VariantName = "[No Variations]"
Change component parameters (AddParameter): Name = "High-Reliability"; Value = "Y"; VariantName = "[No Variations]"
Change component parameters (AddParameter): Name = "Manufacturer"; Value = "National Semiconductor"; VariantName = "[No Variations]"
Change component parameters (AddParameter): Name = "PackageDescription"; Value = "SOIC Narrow, 4.9 x 3.9 x 1.45mm, 8 Lead, 1.27mm Pitch"; VariantName = "[No Variations]"
Change component parameters (AddParameter): Name = "PackageReference"; Value = "M08A"; VariantName = "[No Variations]"
Change component parameters (AddParameter): Name = "PackageTopMarking"; Value = "NSZXTT*LM*358M"; VariantName = "[No Variations]"
Change component parameters (AddParameter): Name = "PackageVersion"; Value = "revM, May-2009"; VariantName = "[No Variations]"
Change component parameters (AddParameter): Name = "PartNumber"; Value = "LM358M"; VariantName = "[No Variations]"
Change component parameters (AddParameter): Name = "PinCount"; Value = "8"; VariantName = "[No Variations]"
Change component parameters (AddParameter): Name = "PowerWise"; Value = "N"; VariantName = "[No Variations]"
Change component parameters (AddParameter): Name = "RoHS"; Value = "N"; VariantName = "[No Variations]"
Change component parameters: Designator = "U?"; Footprint = "SOIC-8"; UniqueID = "\UBYYFYDH"
Change component parameters. Clean all parameters for all variants
Change component parameters: Designator = "U?"; Footprint = "DBV0005A_N"; UniqueID = "\LRXXFHPE"
Change component parameters. Clean all parameters for all variants
Change component parameters (AddParameter): Name = "3-State Output"; Value = "No"; VariantName = "[No Variations]"
Change component parameters (AddParameter): Name = "Bits(#)"; Value = "1"; VariantName = "[No Variations]"
Change component parameters (AddParameter): Name = "ComponentLink1Description"; Value = "Manufacturer URL"; VariantName = "[No Variations]"
Change component parameters (AddParameter): Name = "ComponentLink1URL"; Value = "http://www.ti.com/"; VariantName = "[No Variations]"
Change component parameters (AddParameter): Name = "ComponentLink2Description"; Value = "Datasheet"; VariantName = "[No Variations]"
Change component parameters (AddParameter): Name = "ComponentLink2URL"; Value = "http://www.ti.com/lit/ds/symlink/sn74ahc1g14.pdf"; VariantName = "[No Variations]"
Change component parameters (AddParameter): Name = "DatasheetVersion"; Value = "SCLS321P"; VariantName = "[No Variations]"
Change component parameters (AddParameter): Name = "F @ Nom Voltage(Max)(Mhz)"; Value = "75"; VariantName = "[No Variations]"
Change component parameters (AddParameter): Name = "Generic Part Number"; Value = "SN74AHC1G14"; VariantName = "[No Variations]"
Change component parameters (AddParameter): Name = "ICC @ Nom Voltage(Max)(mA)"; Value = "0.01"; VariantName = "[No Variations]"
Change component parameters (AddParameter): Name = "Input Type"; Value = "CMOS"; VariantName = "[No Variations]"
Change component parameters (AddParameter): Name = "Logic"; Value = "Inverting"; VariantName = "[No Variations]"
Change component parameters (AddParameter): Name = "Manufacturer"; Value = "Texas Instruments"; VariantName = "[No Variations]"
Change component parameters (AddParameter): Name = "Operating Temperature Range(C)"; Value = "-40 to 125"; VariantName = "[No Variations]"
Change component parameters (AddParameter): Name = "Output Drive (IOL/IOH)(Max)(mA)"; Value = "50/-50"; VariantName = "[No Variations]"
Change component parameters (AddParameter): Name = "Output Type"; Value = "CMOS"; VariantName = "[No Variations]"
Change component parameters (AddParameter): Name = "PackageReference"; Value = "DBV0005A"; VariantName = "[No Variations]"
Change component parameters (AddParameter): Name = "PartNumber"; Value = "SN74AHC1G14DBVT"; VariantName = "[No Variations]"
Change component parameters (AddParameter): Name = "Rating"; Value = "Catalog"; VariantName = "[No Variations]"
Change component parameters (AddParameter): Name = "Schmitt Trigger"; Value = "Yes"; VariantName = "[No Variations]"
Change component parameters (AddParameter): Name = "Sub-Family"; Value = "Inverting Buffer/Driver"; VariantName = "[No Variations]"
Change component parameters (AddParameter): Name = "Supplier 1"; Value = "Mouser"; VariantName = "[No Variations]"
Change component parameters (AddParameter): Name = "Supplier 2"; Value = "Digi-Key"; VariantName = "[No Variations]"
Change component parameters (AddParameter): Name = "Supplier 3"; Value = "Digi-Key"; VariantName = "[No Variations]"
Change component parameters (AddParameter): Name = "Supplier 4"; Value = "Digi-Key"; VariantName = "[No Variations]"
Change component parameters (AddParameter): Name = "Supplier Part Number 1"; Value = "595-SN74AHC1G14DBVT"; VariantName = "[No Variations]"
Change component parameters (AddParameter): Name = "Supplier Part Number 2"; Value = "296-26401-2-ND"; VariantName = "[No Variations]"
Change component parameters (AddParameter): Name = "Supplier Part Number 3"; Value = "296-26401-1-ND"; VariantName = "[No Variations]"
Change component parameters (AddParameter): Name = "Supplier Part Number 4"; Value = "296-26401-6-ND"; VariantName = "[No Variations]"
Change component parameters (AddParameter): Name = "Technology Family"; Value = "AHC"; VariantName = "[No Variations]"
Change component parameters (AddParameter): Name = "tpd @ Nom Voltage(Max)(ns)"; Value = "16.3,10.6"; VariantName = "[No Variations]"
Change component parameters (AddParameter): Name = "VCC(Max)(V)"; Value = "5.5"; VariantName = "[No Variations]"
Change component parameters (AddParameter): Name = "VCC(Min)(V)"; Value = "2"; VariantName = "[No Variations]"
Change component parameters (AddParameter): Name = "Voltage(Nom)(V)"; Value = "3.3,5"; VariantName = "[No Variations]"
Added Component: Designator=C?(6-0805_M)
Add component. Clean all parameters for all variants
Add component (AddParameter): Name = "LatestRevisionDate"; Value = "17-Jul-2002"; VariantName = "[No Variations]"
Add component (AddParameter): Name = "LatestRevisionNote"; Value = "Re-released for DXP Platform."; VariantName = "[No Variations]"
Add component (AddParameter): Name = "PackageDescription"; Value = "Radial Cap, Thru-Hole; 2 Leads; 0.3 in Pin Spacing"; VariantName = "[No Variations]"
Add component (AddParameter): Name = "PackageReference"; Value = "RAD-0.3"; VariantName = "[No Variations]"
Add component (AddParameter): Name = "Published"; Value = "8-Jun-2000"; VariantName = "[No Variations]"
Add component (AddParameter): Name = "Publisher"; Value = "Altium Limited"; VariantName = "[No Variations]"
Add component (AddParameter): Name = "Value"; Value = "100pF"; VariantName = "[No Variations]"
Added Component: Designator=C?(6-0805_M)
Add component. Clean all parameters for all variants
Add component (AddParameter): Name = "LatestRevisionDate"; Value = "17-Jul-2002"; VariantName = "[No Variations]"
Add component (AddParameter): Name = "LatestRevisionNote"; Value = "Re-released for DXP Platform."; VariantName = "[No Variations]"
Add component (AddParameter): Name = "PackageDescription"; Value = "Radial Cap, Thru-Hole; 2 Leads; 0.3 in Pin Spacing"; VariantName = "[No Variations]"
Add component (AddParameter): Name = "PackageReference"; Value = "RAD-0.3"; VariantName = "[No Variations]"
Add component (AddParameter): Name = "Published"; Value = "8-Jun-2000"; VariantName = "[No Variations]"
Add component (AddParameter): Name = "Publisher"; Value = "Altium Limited"; VariantName = "[No Variations]"
Add component (AddParameter): Name = "Value"; Value = "220pF"; VariantName = "[No Variations]"
Added Component: Designator=C?(6-0805_M)
Add component. Clean all parameters for all variants
Add component (AddParameter): Name = "LatestRevisionDate"; Value = "17-Jul-2002"; VariantName = "[No Variations]"
Add component (AddParameter): Name = "LatestRevisionNote"; Value = "Re-released for DXP Platform."; VariantName = "[No Variations]"
Add component (AddParameter): Name = "PackageDescription"; Value = "Radial Cap, Thru-Hole; 2 Leads; 0.3 in Pin Spacing"; VariantName = "[No Variations]"
Add component (AddParameter): Name = "PackageReference"; Value = "RAD-0.3"; VariantName = "[No Variations]"
Add component (AddParameter): Name = "Published"; Value = "8-Jun-2000"; VariantName = "[No Variations]"
Add component (AddParameter): Name = "Publisher"; Value = "Altium Limited"; VariantName = "[No Variations]"
Add component (AddParameter): Name = "Value"; Value = "100nF"; VariantName = "[No Variations]"
Added Component: Designator=C?(6-0805_M)
Add component. Clean all parameters for all variants
Add component (AddParameter): Name = "LatestRevisionDate"; Value = "17-Jul-2002"; VariantName = "[No Variations]"
Add component (AddParameter): Name = "LatestRevisionNote"; Value = "Re-released for DXP Platform."; VariantName = "[No Variations]"
Add component (AddParameter): Name = "PackageDescription"; Value = "Radial Cap, Thru-Hole; 2 Leads; 0.3 in Pin Spacing"; VariantName = "[No Variations]"
Add component (AddParameter): Name = "PackageReference"; Value = "RAD-0.3"; VariantName = "[No Variations]"
Add component (AddParameter): Name = "Published"; Value = "8-Jun-2000"; VariantName = "[No Variations]"
Add component (AddParameter): Name = "Publisher"; Value = "Altium Limited"; VariantName = "[No Variations]"
Add component (AddParameter): Name = "Value"; Value = "100nF"; VariantName = "[No Variations]"
Added Component: Designator=P?(HDR1X10)
Add component. Clean all parameters for all variants
Add component (AddParameter): Name = "LatestRevisionDate"; Value = "17-Jul-2002"; VariantName = "[No Variations]"
Add component (AddParameter): Name = "LatestRevisionNote"; Value = "Re-released for DXP Platform."; VariantName = "[No Variations]"
Add component (AddParameter): Name = "Publisher"; Value = "Altium Limited"; VariantName = "[No Variations]"
Added Component: Designator=U?(M14A_N)
Add component. Clean all parameters for all variants
Add component (AddParameter): Name = "Code_IPC"; Value = "SOIC127P600-14"; VariantName = "[No Variations]"
Add component (AddParameter): Name = "Code_JEDEC"; Value = "MS-012AB"; VariantName = "[No Variations]"
Add component (AddParameter): Name = "ComponentLink1Description"; Value = "Manufacturer URL"; VariantName = "[No Variations]"
Add component (AddParameter): Name = "ComponentLink1URL"; Value = "http://www.national.com/"; VariantName = "[No Variations]"
Add component (AddParameter): Name = "ComponentLink2Description"; Value = "LM324 Datasheet"; VariantName = "[No Variations]"
Add component (AddParameter): Name = "ComponentLink2URL"; Value = "http://www.national.com/ds/LM/LM324.pdf"; VariantName = "[No Variations]"
Add component (AddParameter): Name = "ComponentLink3Description"; Value = "LM324 Web Page"; VariantName = "[No Variations]"
Add component (AddParameter): Name = "ComponentLink3URL"; Value = "http://www.national.com/pf/LM/LM324.html"; VariantName = "[No Variations]"
Add component (AddParameter): Name = "ComponentLink4Description"; Value = "M14A Package Page"; VariantName = "[No Variations]"
Add component (AddParameter): Name = "ComponentLink4URL"; Value = "http://www.national.com/packaging/folders/m14a.html"; VariantName = "[No Variations]"
Add component (AddParameter): Name = "CompType"; Value = "Amplifiers"; VariantName = "[No Variations]"
Add component (AddParameter): Name = "DatasheetVersion"; Value = "Aug-2000"; VariantName = "[No Variations]"
Add component (AddParameter): Name = "High-Reliability"; Value = "Y"; VariantName = "[No Variations]"
Add component (AddParameter): Name = "Manufacturer"; Value = "National Semiconductor"; VariantName = "[No Variations]"
Add component (AddParameter): Name = "PackageDescription"; Value = "Molded Package S.O., .150in Wide, 14 Lead"; VariantName = "[No Variations]"
Add component (AddParameter): Name = "PackageReference"; Value = "M14A"; VariantName = "[No Variations]"
Add component (AddParameter): Name = "PackageTopMarking"; Value = "NSUZXYTTE#*LM324M"; VariantName = "[No Variations]"
Add component (AddParameter): Name = "PackageVersion"; Value = "revJ, Jan-1996"; VariantName = "[No Variations]"
Add component (AddParameter): Name = "PartNumber"; Value = "LM324M"; VariantName = "[No Variations]"
Add component (AddParameter): Name = "PinCount"; Value = "14"; VariantName = "[No Variations]"
Add component (AddParameter): Name = "PowerWise"; Value = "N"; VariantName = "[No Variations]"
Add component (AddParameter): Name = "RoHS"; Value = "N"; VariantName = "[No Variations]"
Added Pin To Net: NetName=+5V_PI Pin=C?-1
Added Pin To Net: NetName=+5V_PI Pin=C?-1
Added Pin To Net: NetName=+5V_PI Pin=C?-1
Added Pin To Net: NetName=+5V_PI Pin=C?-1
Added Pin To Net: NetName=+24V Pin=C?-1
Added Pin To Net: NetName=GND Pin=C?-1
Added Pin To Net: NetName=NetC?_1 Pin=C?-1
Added Pin To Net: NetName=+5V_AUD Pin=C?-2
Added Pin To Net: NetName=AUD_RC Pin=C?-2
Added Pin To Net: NetName=GND Pin=C?-2
Added Pin To Net: NetName=GND Pin=C?-2
Added Pin To Net: NetName=GND Pin=C?-2
Added Pin To Net: NetName=GND Pin=C?-2
Added Pin To Net: NetName=GND Pin=C?-2
Added Pin To Net: NetName=GND Pin=C?-2
Added Pin To Net: NetName=NetC?_2 Pin=C?-2
Added Pin To Net: NetName=+5V_PI Pin=P?-1
Added Pin To Net: NetName=DATA0 Pin=P?-1
Added Pin To Net: NetName=DATA1 Pin=P?-2
Added Pin To Net: NetName=DATA2 Pin=P?-3
Added Pin To Net: NetName=DATA3 Pin=P?-4
Added Pin To Net: NetName=DATA4 Pin=P?-5
Added Pin To Net: NetName=DATA5 Pin=P?-6
Added Pin To Net: NetName=DATA6 Pin=P?-7
Added Pin To Net: NetName=DATA7 Pin=P?-8
Added Pin To Net: NetName=AUD_PWM Pin=P?-9
Added Pin To Net: NetName=GND Pin=P?-10
Added Pin To Net: NetName=DRIVER Pin=Q?-1
Added Pin To Net: NetName=GND Pin=Q?-2
Added Pin To Net: NetName=GND Pin=Q?-2
Added Pin To Net: NetName=NetQ?_1 Pin=Q?-3
Added Pin To Net: NetName=RST Pin=Q?-3
Added Pin To Net: NetName=+5V_AUD Pin=R?-1
Added Pin To Net: NetName=GND Pin=R?-1
Added Pin To Net: NetName=GND Pin=R?-1
Added Pin To Net: NetName=MODE Pin=R?-1
Added Pin To Net: NetName=NetC?_1 Pin=R?-1
Added Pin To Net: NetName=NetC?_1 Pin=R?-1
Added Pin To Net: NetName=NetR?_1 Pin=R?-1
Added Pin To Net: NetName=U/D Pin=R?-1
Added Pin To Net: NetName=+5V_AUD Pin=R?-2
Added Pin To Net: NetName=+5V_PI Pin=R?-2
Added Pin To Net: NetName=+5V_PI Pin=R?-2
Added Pin To Net: NetName=AUD_INT Pin=R?-2
Added Pin To Net: NetName=AUD_RC Pin=R?-2
Added Pin To Net: NetName=MODE Pin=R?-2
Added Pin To Net: NetName=NetC?_1 Pin=R?-2
Added Pin To Net: NetName=NetR?_1 Pin=R?-2
Added Pin To Net: NetName=U/D Pin=R?-2
Added Pin To Net: NetName=+24V Pin=U?-1
Added Pin To Net: NetName=U/D Pin=U?-1
Added Pin To Net: NetName=AUD_PWM Pin=U?-2
Added Pin To Net: NetName=GND Pin=U?-2
Added Pin To Net: NetName=MODE Pin=U?-2
Added Pin To Net: NetName=+5V_PI Pin=U?-3
Added Pin To Net: NetName=GND Pin=U?-3
Added Pin To Net: NetName=PWM Pin=U?-3
Added Pin To Net: NetName=GND Pin=U?-4
Added Pin To Net: NetName=NetC?_2 Pin=U?-4
Added Pin To Net: NetName=+5V_PI Pin=U?-5
Added Pin To Net: NetName=NetLS?_2 Pin=U?-5
Added Pin To Net: NetName=NetP?_2 Pin=U?-5
Added Pin To Net: NetName=+5V_PI Pin=U?-6
Added Pin To Net: NetName=NetQ?_1 Pin=U?-6
Added Pin To Net: NetName=AUD_INT Pin=U?-7
Added Pin To Net: NetName=GND Pin=U?-7
Added Pin To Net: NetName=+5V_AUD Pin=U?-8
Added Pin To Net: NetName=+24V Pin=U?-8
Added Pin To Net: NetName=NetLS?_1 Pin=U?-8
Added Pin To Net: NetName=+3V3_PI Pin=P?-6
Added Net: Name=+3V3_PI
Added Pin To Net: NetName=MISO_PI Pin=P?-5
Added Net: Name=MISO_PI
Added Pin To Net: NetName=MOSI_PI Pin=P?-4
Added Net: Name=MOSI_PI
Added Pin To Net: NetName=NetP?_8 Pin=P?-8
Added Pin To Net: NetName=NetP?_8 Pin=Q?-1
Added Pin To Net: NetName=NetP?_8 Pin=R?-1
Added Net: Name=NetP?_8
Added Pin To Net: NetName=OE_PI Pin=P?-7
Added Net: Name=OE_PI
Added Pin To Net: NetName=S\S\_PI Pin=P?-2
Added Net: Name=S\S\_PI
Added Pin To Net: NetName=SCK_PI Pin=P?-3
Added Net: Name=SCK_PI
Change Class Name : Old Net Name=led New Net Name=audio
Added Class: Name=led
Added Member To Class: ClassName=controller Member=Component C? Cap
Added Member To Class: ClassName=controller Member=Component C? Cap
Added Member To Class: ClassName=controller Member=Component C? Cap
Added Member To Class: ClassName=audio Member=Component C? Cap
Added Member To Class: ClassName=audio Member=Component C? Cap
Added Member To Class: ClassName=audio Member=Component C? Cap
Added Member To Class: ClassName=audio Member=Component C? Cap
Added Member To Class: ClassName=audio Member=Component C? Cap
Added Member To Class: ClassName=audio Member=Component C? Cap
Added Member To Class: ClassName=audio Member=Component C? Cap
Added Member To Class: ClassName=audio Member=Component C? Cap
Added Member To Class: ClassName=audio Member=Component C? Cap Pol2
Added Member To Class: ClassName=audio Member=Component C? Cap
Added Member To Class: ClassName=audio Member=Component C? Cap
Added Member To Class: ClassName=pi Member=Component C? Cap Pol2
Added Member To Class: ClassName=pi Member=Component C? Cap Pol2
Added Member To Class: ClassName=pi Member=Component C? Cap
Added Member To Class: ClassName=audio Member=Component CB? Circuit Breaker
Added Member To Class: ClassName=audio Member=Component LS? Speaker
Added Member To Class: ClassName=audio Member=Component R? Res2
Added Member To Class: ClassName=audio Member=Component R? Res2
Added Member To Class: ClassName=audio Member=Component R? Res2
Added Member To Class: ClassName=audio Member=Component R? Res2
Added Member To Class: ClassName=audio Member=Component R? Res2
Added Member To Class: ClassName=audio Member=Component R? Res2
Added Member To Class: ClassName=audio Member=Component R? Res2
Added Member To Class: ClassName=audio Member=Component R? Res2
Added Member To Class: ClassName=audio Member=Component R? Res2
Added Member To Class: ClassName=audio Member=Component R? Res2
Added Member To Class: ClassName=audio Member=Component R? Res2
Added Member To Class: ClassName=audio Member=Component R? Res2
Added Member To Class: ClassName=audio Member=Component R? Res2
Added Member To Class: ClassName=audio Member=Component R? Res2
Added Member To Class: ClassName=pi Member=Component R? Res2
Added Member To Class: ClassName=powersupply Member=Component R? Res2
Added Member To Class: ClassName=powersupply Member=Component R? Res2
Added Member To Class: ClassName=powersupply Member=Component R? Res2
Added Member To Class: ClassName=powersupply Member=Component R? Res2
Added Member To Class: ClassName=powersupply Member=Component R? Res2
Added Member To Class: ClassName=controller Member=Component U? LMP7712MM
Added Member To Class: ClassName=controller Member=Component U? LMP7712MM
Added Member To Class: ClassName=audio Member=Component U? 74HC1G14
Added Member To Class: ClassName=audio Member=Component U? LM358M
Added Member To Class: ClassName=audio Member=Component U? TDA8551
Added Member To Class: ClassName=audio Member=Component U? LM358M
Added Member To Class: ClassName=pi Member=Component U? LM324M
Added Room: Name=audio
