Removed Pin From Net: NetName=DATA0 Pin=P6-1
Removed Pin From Net: NetName=DATA1 Pin=P6-2
Removed Pin From Net: NetName=DATA2 Pin=P6-3
Removed Pin From Net: NetName=DATA3 Pin=P6-4
Removed Pin From Net: NetName=DATA4 Pin=P6-5
Removed Pin From Net: NetName=DATA5 Pin=P6-6
Removed Pin From Net: NetName=DATA6 Pin=P6-7
Removed Pin From Net: NetName=DATA7 Pin=P6-8
Removed Pin From Net: NetName=SEND Pin=P6-9
Removed Pin From Net: NetName=B\/D Pin=P6-10
Removed Pin From Net: NetName=+5V Pin=P6-11
Removed Pin From Net: NetName=GND Pin=P6-12
Added Pin To Net: NetName=DATA1 Pin=P6-1
Added Pin To Net: NetName=DATA0 Pin=P6-2
Added Pin To Net: NetName=DATA3 Pin=P6-3
Added Pin To Net: NetName=DATA2 Pin=P6-4
Added Pin To Net: NetName=DATA5 Pin=P6-5
Added Pin To Net: NetName=DATA4 Pin=P6-6
Added Pin To Net: NetName=DATA7 Pin=P6-7
Added Pin To Net: NetName=DATA6 Pin=P6-8
Added Pin To Net: NetName=B\/D Pin=P6-9
Added Pin To Net: NetName=SEND Pin=P6-10
Added Pin To Net: NetName=GND Pin=P6-11
Added Pin To Net: NetName=+5V Pin=P6-12
